<?xml version="1.0" encoding="UTF-8"?>
<!-- Generated by org.testng.reporters.JUnitXMLReporter -->
<testsuite ignored="0" hostname="LAPTOP_DELL" failures="1" tests="2" name="error validations" time="34.25" errors="0" timestamp="2024-03-12T19:11:36 EDT">
  <testcase classname="rahulShettyAcademy.tests.ErrorValidation" name="cartProductValidation" time="14.202">
    <failure type="java.lang.AssertionError" message="expected [true] but found [false]">
      <![CDATA[java.lang.AssertionError: expected [true] but found [false]
at rahulShettyAcademy.tests.ErrorValidation.cartProductValidation(ErrorValidation.java:36)
at java.base/java.util.ArrayList.forEach(ArrayList.java:1511)
at java.base/java.util.concurrent.FutureTask.run(FutureTask.java:264)
at java.base/java.util.concurrent.ThreadPoolExecutor.runWorker(ThreadPoolExecutor.java:1136)
at java.base/java.util.concurrent.ThreadPoolExecutor$Worker.run(ThreadPoolExecutor.java:635)
at java.base/java.lang.Thread.run(Thread.java:833)
... Removed 21 stack frames]]>
    </failure>
  </testcase> <!-- cartProductValidation -->
  <testcase classname="rahulShettyAcademy.tests.ErrorValidation" name="loginWithInvalidData" time="1.195"/>
</testsuite> <!-- error validations -->
