<?xml version="1.0" encoding="UTF-8"?>
<testng-results ignored="0" total="5" passed="4" failed="1" skipped="0">
  <reporter-output>
  </reporter-output>
  <suite started-at="2024-03-12T19:11:00 EDT" name="Suite" finished-at="2024-03-12T19:12:09 EDT" duration-ms="69018">
    <groups>
      <group name="multipleOrders">
        <method signature="SubmitOrder.submitOrder(java.util.HashMap)[pri:0, instance:rahulShettyAcademy.tests.SubmitOrder@41330d4f]" name="submitOrder" class="rahulShettyAcademy.tests.SubmitOrder"/>
      </group> <!-- multipleOrders -->
      <group name="loginValidation">
        <method signature="ErrorValidation.loginWithInvalidData()[pri:0, instance:rahulShettyAcademy.tests.ErrorValidation@18ece7f4]" name="loginWithInvalidData" class="rahulShettyAcademy.tests.ErrorValidation"/>
      </group> <!-- loginValidation -->
    </groups>
    <test started-at="2024-03-12T19:11:00 EDT" name="error validations" finished-at="2024-03-12T19:11:34 EDT" duration-ms="34250">
      <class name="rahulShettyAcademy.tests.ErrorValidation">
        <test-method is-config="true" signature="launchApplication()[pri:0, instance:rahulShettyAcademy.tests.ErrorValidation@18ece7f4]" started-at="2024-03-12T19:11:00 EDT" name="launchApplication" finished-at="2024-03-12T19:11:10 EDT" duration-ms="9281" status="PASS">
          <reporter-output>
          </reporter-output>
        </test-method> <!-- launchApplication -->
        <test-method signature="cartProductValidation()[pri:0, instance:rahulShettyAcademy.tests.ErrorValidation@18ece7f4]" started-at="2024-03-12T19:11:10 EDT" name="cartProductValidation" finished-at="2024-03-12T19:11:24 EDT" duration-ms="14202" status="FAIL">
          <exception class="java.lang.AssertionError">
            <message>
              <![CDATA[expected [true] but found [false]]]>
            </message>
            <full-stacktrace>
              <![CDATA[java.lang.AssertionError: expected [true] but found [false]
at org.testng.Assert.fail(Assert.java:111)
at org.testng.Assert.failNotEquals(Assert.java:1578)
at org.testng.Assert.assertTrue(Assert.java:57)
at org.testng.Assert.assertTrue(Assert.java:67)
at rahulShettyAcademy.tests.ErrorValidation.cartProductValidation(ErrorValidation.java:36)
at java.base/jdk.internal.reflect.NativeMethodAccessorImpl.invoke0(Native Method)
at java.base/jdk.internal.reflect.NativeMethodAccessorImpl.invoke(NativeMethodAccessorImpl.java:77)
at java.base/jdk.internal.reflect.DelegatingMethodAccessorImpl.invoke(DelegatingMethodAccessorImpl.java:43)
at java.base/java.lang.reflect.Method.invoke(Method.java:568)
at org.testng.internal.invokers.MethodInvocationHelper.invokeMethod(MethodInvocationHelper.java:139)
at org.testng.internal.invokers.TestInvoker.invokeMethod(TestInvoker.java:664)
at org.testng.internal.invokers.TestInvoker.invokeTestMethod(TestInvoker.java:228)
at org.testng.internal.invokers.MethodRunner.runInSequence(MethodRunner.java:63)
at org.testng.internal.invokers.TestInvoker$MethodInvocationAgent.invoke(TestInvoker.java:961)
at org.testng.internal.invokers.TestInvoker.invokeTestMethods(TestInvoker.java:201)
at org.testng.internal.invokers.TestMethodWorker.invokeTestMethods(TestMethodWorker.java:148)
at org.testng.internal.invokers.TestMethodWorker.run(TestMethodWorker.java:128)
at java.base/java.util.ArrayList.forEach(ArrayList.java:1511)
at org.testng.TestRunner.privateRun(TestRunner.java:819)
at org.testng.TestRunner.run(TestRunner.java:619)
at org.testng.SuiteRunner.runTest(SuiteRunner.java:443)
at org.testng.SuiteRunner$SuiteWorker.run(SuiteRunner.java:481)
at org.testng.internal.thread.ThreadUtil.lambda$execute$0(ThreadUtil.java:58)
at java.base/java.util.concurrent.FutureTask.run(FutureTask.java:264)
at java.base/java.util.concurrent.ThreadPoolExecutor.runWorker(ThreadPoolExecutor.java:1136)
at java.base/java.util.concurrent.ThreadPoolExecutor$Worker.run(ThreadPoolExecutor.java:635)
at java.base/java.lang.Thread.run(Thread.java:833)
]]>
            </full-stacktrace>
          </exception> <!-- java.lang.AssertionError -->
          <reporter-output>
          </reporter-output>
        </test-method> <!-- cartProductValidation -->
        <test-method is-config="true" signature="closeBrowser()[pri:0, instance:rahulShettyAcademy.tests.ErrorValidation@18ece7f4]" started-at="2024-03-12T19:11:25 EDT" name="closeBrowser" finished-at="2024-03-12T19:11:25 EDT" duration-ms="850" status="PASS">
          <reporter-output>
          </reporter-output>
        </test-method> <!-- closeBrowser -->
        <test-method is-config="true" signature="launchApplication()[pri:0, instance:rahulShettyAcademy.tests.ErrorValidation@18ece7f4]" started-at="2024-03-12T19:11:25 EDT" name="launchApplication" finished-at="2024-03-12T19:11:33 EDT" duration-ms="7535" status="PASS">
          <reporter-output>
          </reporter-output>
        </test-method> <!-- launchApplication -->
        <test-method signature="loginWithInvalidData()[pri:0, instance:rahulShettyAcademy.tests.ErrorValidation@18ece7f4]" started-at="2024-03-12T19:11:33 EDT" name="loginWithInvalidData" finished-at="2024-03-12T19:11:34 EDT" duration-ms="1195" status="PASS">
          <reporter-output>
          </reporter-output>
        </test-method> <!-- loginWithInvalidData -->
        <test-method is-config="true" signature="closeBrowser()[pri:0, instance:rahulShettyAcademy.tests.ErrorValidation@18ece7f4]" started-at="2024-03-12T19:11:34 EDT" name="closeBrowser" finished-at="2024-03-12T19:11:34 EDT" duration-ms="322" status="PASS">
          <reporter-output>
          </reporter-output>
        </test-method> <!-- closeBrowser -->
      </class> <!-- rahulShettyAcademy.tests.ErrorValidation -->
    </test> <!-- error validations -->
    <test started-at="2024-03-12T19:11:00 EDT" name="submit order" finished-at="2024-03-12T19:12:09 EDT" duration-ms="69018">
      <class name="rahulShettyAcademy.tests.SubmitOrder">
        <test-method is-config="true" signature="launchApplication()[pri:0, instance:rahulShettyAcademy.tests.SubmitOrder@41330d4f]" started-at="2024-03-12T19:11:01 EDT" name="launchApplication" finished-at="2024-03-12T19:11:11 EDT" duration-ms="10333" status="PASS">
          <reporter-output>
          </reporter-output>
        </test-method> <!-- launchApplication -->
        <test-method signature="submitOrder(java.util.HashMap)[pri:0, instance:rahulShettyAcademy.tests.SubmitOrder@41330d4f]" started-at="2024-03-12T19:11:11 EDT" name="submitOrder" data-provider="getData" finished-at="2024-03-12T19:11:33 EDT" duration-ms="22085" status="PASS">
          <params>
            <param index="0">
              <value>
                <![CDATA[{pwd=Test@123, email=yosamhere@gmail.com, productName=ZARA COAT 3}]]>
              </value>
            </param>
          </params>
          <reporter-output>
          </reporter-output>
        </test-method> <!-- submitOrder -->
        <test-method is-config="true" signature="closeBrowser()[pri:0, instance:rahulShettyAcademy.tests.SubmitOrder@41330d4f]" started-at="2024-03-12T19:11:33 EDT" name="closeBrowser" finished-at="2024-03-12T19:11:35 EDT" duration-ms="1339" status="PASS">
          <reporter-output>
          </reporter-output>
        </test-method> <!-- closeBrowser -->
        <test-method is-config="true" signature="launchApplication()[pri:0, instance:rahulShettyAcademy.tests.SubmitOrder@41330d4f]" started-at="2024-03-12T19:11:35 EDT" name="launchApplication" finished-at="2024-03-12T19:11:38 EDT" duration-ms="3325" status="PASS">
          <reporter-output>
          </reporter-output>
        </test-method> <!-- launchApplication -->
        <test-method signature="submitOrder(java.util.HashMap)[pri:0, instance:rahulShettyAcademy.tests.SubmitOrder@41330d4f]" started-at="2024-03-12T19:11:38 EDT" name="submitOrder" data-provider="getData" finished-at="2024-03-12T19:11:59 EDT" duration-ms="21158" status="PASS">
          <params>
            <param index="0">
              <value>
                <![CDATA[{pwd=Test@123, email=test.email@gmail.com, productName=ADIDAS ORIGINAL}]]>
              </value>
            </param>
          </params>
          <reporter-output>
          </reporter-output>
        </test-method> <!-- submitOrder -->
        <test-method is-config="true" signature="closeBrowser()[pri:0, instance:rahulShettyAcademy.tests.SubmitOrder@41330d4f]" started-at="2024-03-12T19:11:59 EDT" name="closeBrowser" finished-at="2024-03-12T19:11:59 EDT" duration-ms="288" status="PASS">
          <reporter-output>
          </reporter-output>
        </test-method> <!-- closeBrowser -->
        <test-method is-config="true" signature="launchApplication()[pri:0, instance:rahulShettyAcademy.tests.SubmitOrder@41330d4f]" started-at="2024-03-12T19:11:59 EDT" name="launchApplication" finished-at="2024-03-12T19:12:07 EDT" duration-ms="7873" status="PASS">
          <reporter-output>
          </reporter-output>
        </test-method> <!-- launchApplication -->
        <test-method signature="verifyOrder()[pri:0, instance:rahulShettyAcademy.tests.SubmitOrder@41330d4f]" started-at="2024-03-12T19:12:07 EDT" name="verifyOrder" finished-at="2024-03-12T19:12:09 EDT" depends-on-methods="rahulShettyAcademy.tests.SubmitOrder.submitOrder" duration-ms="1601" status="PASS">
          <reporter-output>
          </reporter-output>
        </test-method> <!-- verifyOrder -->
        <test-method is-config="true" signature="closeBrowser()[pri:0, instance:rahulShettyAcademy.tests.SubmitOrder@41330d4f]" started-at="2024-03-12T19:12:09 EDT" name="closeBrowser" finished-at="2024-03-12T19:12:09 EDT" duration-ms="295" status="PASS">
          <reporter-output>
          </reporter-output>
        </test-method> <!-- closeBrowser -->
      </class> <!-- rahulShettyAcademy.tests.SubmitOrder -->
    </test> <!-- submit order -->
  </suite> <!-- Suite -->
</testng-results>
